{"D:\\mini-app\\src\\App.tsx": {"path":"D:\\mini-app\\src\\App.tsx","statementMap":{"0":{"start":{"line":7,"column":4},"end":{"line":13,"column":null}}},"fnMap":{"0":{"name":"App","decl":{"start":{"line":6,"column":9},"end":{"line":6,"column":15}},"loc":{"start":{"line":6,"column":15},"end":{"line":15,"column":null}},"line":6}},"branchMap":{},"s":{"0":0},"f":{"0":0},"b":{},"meta":{"lastBranch":0,"lastFunction":1,"lastStatement":1,"seen":{"f:6:9:6:15":0,"s:7:4:13:Infinity":0}}}
,"D:\\mini-app\\src\\main.tsx": {"path":"D:\\mini-app\\src\\main.tsx","statementMap":{"0":{"start":{"line":6,"column":0},"end":{"line":10,"column":null}}},"fnMap":{},"branchMap":{},"s":{"0":0},"f":{},"b":{},"meta":{"lastBranch":0,"lastFunction":0,"lastStatement":1,"seen":{"s:6:0:10:Infinity":0}}}
,"D:\\mini-app\\src\\components\\TaskDetails.tsx": {"path":"D:\\mini-app\\src\\components\\TaskDetails.tsx","statementMap":{"0":{"start":{"line":5,"column":15},"end":{"line":5,"column":null}},"1":{"start":{"line":6,"column":24},"end":{"line":6,"column":null}},"2":{"start":{"line":7,"column":17},"end":{"line":7,"column":null}},"3":{"start":{"line":9,"column":4},"end":{"line":23,"column":null}},"4":{"start":{"line":10,"column":8},"end":{"line":21,"column":null}},"5":{"start":{"line":25,"column":4},"end":{"line":52,"column":null}}},"fnMap":{"0":{"name":"TaskDetails","decl":{"start":{"line":4,"column":16},"end":{"line":4,"column":30}},"loc":{"start":{"line":4,"column":30},"end":{"line":54,"column":null}},"line":4}},"branchMap":{"0":{"loc":{"start":{"line":9,"column":4},"end":{"line":23,"column":null}},"type":"if","locations":[{"start":{"line":9,"column":4},"end":{"line":23,"column":null}},{"start":{},"end":{}}],"line":9},"1":{"loc":{"start":{"line":33,"column":26},"end":{"line":33,"column":72}},"type":"binary-expr","locations":[{"start":{"line":33,"column":26},"end":{"line":33,"column":57}},{"start":{"line":33,"column":57},"end":{"line":33,"column":72}}],"line":33},"2":{"loc":{"start":{"line":34,"column":26},"end":{"line":34,"column":74}},"type":"binary-expr","locations":[{"start":{"line":34,"column":26},"end":{"line":34,"column":59}},{"start":{"line":34,"column":59},"end":{"line":34,"column":74}}],"line":34},"3":{"loc":{"start":{"line":35,"column":26},"end":{"line":35,"column":73}},"type":"binary-expr","locations":[{"start":{"line":35,"column":26},"end":{"line":35,"column":59}},{"start":{"line":35,"column":59},"end":{"line":35,"column":73}}],"line":35}},"s":{"0":0,"1":0,"2":0,"3":0,"4":0,"5":0},"f":{"0":0},"b":{"0":[0,0],"1":[0,0],"2":[0,0],"3":[0,0]},"meta":{"lastBranch":4,"lastFunction":1,"lastStatement":6,"seen":{"f:4:16:4:30":0,"s:5:15:5:Infinity":0,"s:6:24:6:Infinity":1,"s:7:17:7:Infinity":2,"b:9:4:23:Infinity:undefined:undefined:undefined:undefined":0,"s:9:4:23:Infinity":3,"s:10:8:21:Infinity":4,"s:25:4:52:Infinity":5,"b:33:26:33:57:33:57:33:72":1,"b:34:26:34:59:34:59:34:74":2,"b:35:26:35:59:35:59:35:73":3}}}
,"D:\\mini-app\\src\\components\\TasksList.tsx": {"path":"D:\\mini-app\\src\\components\\TasksList.tsx","statementMap":{"0":{"start":{"line":5,"column":45},"end":{"line":5,"column":null}},"1":{"start":{"line":7,"column":4},"end":{"line":43,"column":null}},"2":{"start":{"line":16,"column":33},"end":{"line":16,"column":null}},"3":{"start":{"line":23,"column":20},"end":{"line":40,"column":null}}},"fnMap":{"0":{"name":"TasksList","decl":{"start":{"line":4,"column":16},"end":{"line":4,"column":28}},"loc":{"start":{"line":4,"column":28},"end":{"line":45,"column":null}},"line":4},"1":{"name":"(anonymous_1)","decl":{"start":{"line":16,"column":26},"end":{"line":16,"column":27}},"loc":{"start":{"line":16,"column":33},"end":{"line":16,"column":null}},"line":16},"2":{"name":"(anonymous_2)","decl":{"start":{"line":22,"column":27},"end":{"line":22,"column":28}},"loc":{"start":{"line":23,"column":20},"end":{"line":40,"column":null}},"line":23}},"branchMap":{"0":{"loc":{"start":{"line":31,"column":34},"end":{"line":31,"column":80}},"type":"binary-expr","locations":[{"start":{"line":31,"column":34},"end":{"line":31,"column":65}},{"start":{"line":31,"column":65},"end":{"line":31,"column":80}}],"line":31},"1":{"loc":{"start":{"line":32,"column":34},"end":{"line":32,"column":82}},"type":"binary-expr","locations":[{"start":{"line":32,"column":34},"end":{"line":32,"column":67}},{"start":{"line":32,"column":67},"end":{"line":32,"column":82}}],"line":32},"2":{"loc":{"start":{"line":33,"column":34},"end":{"line":33,"column":81}},"type":"binary-expr","locations":[{"start":{"line":33,"column":34},"end":{"line":33,"column":67}},{"start":{"line":33,"column":67},"end":{"line":33,"column":81}}],"line":33}},"s":{"0":4,"1":4,"2":0,"3":20},"f":{"0":4,"1":0,"2":20},"b":{"0":[20,4],"1":[20,4],"2":[20,12]},"meta":{"lastBranch":3,"lastFunction":3,"lastStatement":4,"seen":{"f:4:16:4:28":0,"s:5:45:5:Infinity":0,"s:7:4:43:Infinity":1,"f:16:26:16:27":1,"s:16:33:16:Infinity":2,"f:22:27:22:28":2,"s:23:20:40:Infinity":3,"b:31:34:31:65:31:65:31:80":0,"b:32:34:32:67:32:67:32:82":1,"b:33:34:33:67:33:67:33:81":2}}}
,"D:\\mini-app\\src\\hooks\\useTasks.ts": {"path":"D:\\mini-app\\src\\hooks\\useTasks.ts","statementMap":{"0":{"start":{"line":5,"column":16},"end":{"line":5,"column":null}},"1":{"start":{"line":6,"column":36},"end":{"line":6,"column":null}},"2":{"start":{"line":8,"column":10},"end":{"line":14,"column":null}},"3":{"start":{"line":9,"column":8},"end":{"line":9,"column":null}},"4":{"start":{"line":9,"column":25},"end":{"line":9,"column":null}},"5":{"start":{"line":11,"column":8},"end":{"line":13,"column":null}},"6":{"start":{"line":12,"column":12},"end":{"line":12,"column":null}},"7":{"start":{"line":16,"column":24},"end":{"line":18,"column":null}},"8":{"start":{"line":17,"column":8},"end":{"line":17,"column":null}},"9":{"start":{"line":17,"column":36},"end":{"line":17,"column":50}},"10":{"start":{"line":20,"column":4},"end":{"line":25,"column":null}}},"fnMap":{"0":{"name":"useTasks","decl":{"start":{"line":4,"column":16},"end":{"line":4,"column":27}},"loc":{"start":{"line":4,"column":27},"end":{"line":26,"column":null}},"line":4},"1":{"name":"(anonymous_1)","decl":{"start":{"line":8,"column":34},"end":{"line":8,"column":40}},"loc":{"start":{"line":8,"column":40},"end":{"line":14,"column":7}},"line":8},"2":{"name":"(anonymous_2)","decl":{"start":{"line":11,"column":28},"end":{"line":11,"column":29}},"loc":{"start":{"line":12,"column":12},"end":{"line":12,"column":null}},"line":12},"3":{"name":"(anonymous_3)","decl":{"start":{"line":16,"column":24},"end":{"line":16,"column":25}},"loc":{"start":{"line":16,"column":40},"end":{"line":18,"column":null}},"line":16},"4":{"name":"(anonymous_4)","decl":{"start":{"line":17,"column":26},"end":{"line":17,"column":27}},"loc":{"start":{"line":17,"column":36},"end":{"line":17,"column":50}},"line":17}},"branchMap":{"0":{"loc":{"start":{"line":9,"column":8},"end":{"line":9,"column":null}},"type":"if","locations":[{"start":{"line":9,"column":8},"end":{"line":9,"column":null}},{"start":{},"end":{}}],"line":9}},"s":{"0":4,"1":4,"2":4,"3":4,"4":4,"5":0,"6":0,"7":4,"8":0,"9":0,"10":4},"f":{"0":4,"1":4,"2":0,"3":0,"4":0},"b":{"0":[4,0]},"meta":{"lastBranch":1,"lastFunction":5,"lastStatement":11,"seen":{"f:4:16:4:27":0,"s:5:16:5:Infinity":0,"s:6:36:6:Infinity":1,"s:8:10:14:Infinity":2,"f:8:34:8:40":1,"b:9:8:9:Infinity:undefined:undefined:undefined:undefined":0,"s:9:8:9:Infinity":3,"s:9:25:9:Infinity":4,"s:11:8:13:Infinity":5,"f:11:28:11:29":2,"s:12:12:12:Infinity":6,"s:16:24:18:Infinity":7,"f:16:24:16:25":3,"s:17:8:17:Infinity":8,"f:17:26:17:27":4,"s:17:36:17:50":9,"s:20:4:25:Infinity":10}}}
,"D:\\mini-app\\src\\mocks\\mockData.ts": {"path":"D:\\mini-app\\src\\mocks\\mockData.ts","statementMap":{"0":{"start":{"line":3,"column":38},"end":{"line":35,"column":null}}},"fnMap":{},"branchMap":{},"s":{"0":1},"f":{},"b":{},"meta":{"lastBranch":0,"lastFunction":0,"lastStatement":1,"seen":{"s:3:38:35:Infinity":0}}}
,"D:\\mini-app\\src\\types\\tasks.ts": {"path":"D:\\mini-app\\src\\types\\tasks.ts","statementMap":{},"fnMap":{},"branchMap":{},"s":{},"f":{},"b":{},"meta":{"lastBranch":0,"lastFunction":0,"lastStatement":0,"seen":{}}}
}
